# JRE version: Java(TM) SE Runtime Environment (8.0_131-b11) (build 1.8.0_131-b11)
# Java VM: Java HotSpot(TM) 64-Bit Server VM (25.131-b11 mixed mode windows-amd64 compressed oops)
Heap:
 PSYoungGen      total 61952K, used 16186K [0x000000076b000000, 0x000000076fb00000, 0x00000007c0000000)
  eden space 61440K, 25% used [0x000000076b000000,0x000000076bf5eb78,0x000000076ec00000)
  from space 512K, 87% used [0x000000076ee80000,0x000000076eef0000,0x000000076ef00000)
  to   space 7680K, 0% used [0x000000076f380000,0x000000076f380000,0x000000076fb00000)
 ParOldGen       total 175104K, used 5628K [0x00000006c1000000, 0x00000006cbb00000, 0x000000076b000000)
  object space 175104K, 3% used [0x00000006c1000000,0x00000006c157f3a8,0x00000006cbb00000)
 Metaspace       used 17130K, capacity 17448K, committed 17664K, reserved 1064960K
  class space    used 2136K, capacity 2238K, committed 2304K, reserved 1048576K
GC Heap History (10 events):
Event: 87.195 GC heap before
{Heap before GC invocations=3 (full 0):
 PSYoungGen      total 76288K, used 71384K [0x000000076b000000, 0x0000000770500000, 0x00000007c0000000)
  eden space 65536K, 100% used [0x000000076b000000,0x000000076f000000,0x000000076f000000)
  from space 10752K, 54% used [0x000000076fa80000,0x0000000770036238,0x0000000770500000)
  to   space 10752K, 0% used [0x000000076f000000,0x000000076f000000,0x000000076fa80000)
 ParOldGen       total 175104K, used 55K [0x00000006c1000000, 0x00000006cbb00000, 0x000000076b000000)
  object space 175104K, 0% used [0x00000006c1000000,0x00000006c100dc60,0x00000006cbb00000)
 Metaspace       used 16835K, capacity 17122K, committed 17408K, reserved 1064960K
  class space    used 2127K, capacity 2237K, committed 2304K, reserved 1048576K
Event: 87.200 GC heap after
Heap after GC invocations=3 (full 0):
 PSYoungGen      total 76288K, used 5970K [0x000000076b000000, 0x0000000770500000, 0x00000007c0000000)
  eden space 65536K, 0% used [0x000000076b000000,0x000000076b000000,0x000000076f000000)
  from space 10752K, 55% used [0x000000076f000000,0x000000076f5d4b60,0x000000076fa80000)
  to   space 10752K, 0% used [0x000000076fa80000,0x000000076fa80000,0x0000000770500000)
 ParOldGen       total 175104K, used 63K [0x00000006c1000000, 0x00000006cbb00000, 0x000000076b000000)
  object space 175104K, 0% used [0x00000006c1000000,0x00000006c100fc60,0x00000006cbb00000)
 Metaspace       used 16835K, capacity 17122K, committed 17408K, reserved 1064960K
  class space    used 2127K, capacity 2237K, committed 2304K, reserved 1048576K
}
Event: 90.296 GC heap before
{Heap before GC invocations=4 (full 0):
 PSYoungGen      total 76288K, used 71506K [0x000000076b000000, 0x0000000770500000, 0x00000007c0000000)
  eden space 65536K, 100% used [0x000000076b000000,0x000000076f000000,0x000000076f000000)
  from space 10752K, 55% used [0x000000076f000000,0x000000076f5d4b60,0x000000076fa80000)
  to   space 10752K, 0% used [0x000000076fa80000,0x000000076fa80000,0x0000000770500000)
 ParOldGen       total 175104K, used 63K [0x00000006c1000000, 0x00000006cbb00000, 0x000000076b000000)
  object space 175104K, 0% used [0x00000006c1000000,0x00000006c100fc60,0x00000006cbb00000)
 Metaspace       used 16878K, capacity 17256K, committed 17664K, reserved 1064960K
  class space    used 2127K, capacity 2238K, committed 2304K, reserved 1048576K
Event: 90.300 GC heap after
Heap after GC invocations=4 (full 0):
 PSYoungGen      total 76288K, used 5970K [0x000000076b000000, 0x0000000770500000, 0x00000007c0000000)
  eden space 65536K, 0% used [0x000000076b000000,0x000000076b000000,0x000000076f000000)
  from space 10752K, 55% used [0x000000076fa80000,0x0000000770054b80,0x0000000770500000)
  to   space 10752K, 0% used [0x000000076f000000,0x000000076f000000,0x000000076fa80000)
 ParOldGen       total 175104K, used 71K [0x00000006c1000000, 0x00000006cbb00000, 0x000000076b000000)
  object space 175104K, 0% used [0x00000006c1000000,0x00000006c1011c60,0x00000006cbb00000)
 Metaspace       used 16878K, capacity 17256K, committed 17664K, reserved 1064960K
  class space    used 2127K, capacity 2238K, committed 2304K, reserved 1048576K
}
Event: 136.835 GC heap before
{Heap before GC invocations=5 (full 0):
 PSYoungGen      total 76288K, used 71506K [0x000000076b000000, 0x0000000770500000, 0x00000007c0000000)
  eden space 65536K, 100% used [0x000000076b000000,0x000000076f000000,0x000000076f000000)
  from space 10752K, 55% used [0x000000076fa80000,0x0000000770054b80,0x0000000770500000)
  to   space 10752K, 0% used [0x000000076f000000,0x000000076f000000,0x000000076fa80000)
 ParOldGen       total 175104K, used 71K [0x00000006c1000000, 0x00000006cbb00000, 0x000000076b000000)
  object space 175104K, 0% used [0x00000006c1000000,0x00000006c1011c60,0x00000006cbb00000)
 Metaspace       used 16985K, capacity 17320K, committed 17664K, reserved 1064960K
  class space    used 2128K, capacity 2238K, committed 2304K, reserved 1048576K
Event: 136.841 GC heap after
Heap after GC invocations=5 (full 0):
 PSYoungGen      total 70144K, used 6066K [0x000000076b000000, 0x000000076fb80000, 0x00000007c0000000)
  eden space 64000K, 0% used [0x000000076b000000,0x000000076b000000,0x000000076ee80000)
  from space 6144K, 98% used [0x000000076f000000,0x000000076f5ecb60,0x000000076f600000)
  to   space 5632K, 0% used [0x000000076f600000,0x000000076f600000,0x000000076fb80000)
 ParOldGen       total 175104K, used 79K [0x00000006c1000000, 0x00000006cbb00000, 0x000000076b000000)
  object space 175104K, 0% used [0x00000006c1000000,0x00000006c1013c60,0x00000006cbb00000)
 Metaspace       used 16985K, capacity 17320K, committed 17664K, reserved 1064960K
  class space    used 2128K, capacity 2238K, committed 2304K, reserved 1048576K
}
Event: 143.025 GC heap before
{Heap before GC invocations=6 (full 0):
 PSYoungGen      total 70144K, used 70066K [0x000000076b000000, 0x000000076fb80000, 0x00000007c0000000)
  eden space 64000K, 100% used [0x000000076b000000,0x000000076ee80000,0x000000076ee80000)
  from space 6144K, 98% used [0x000000076f000000,0x000000076f5ecb60,0x000000076f600000)
  to   space 5632K, 0% used [0x000000076f600000,0x000000076f600000,0x000000076fb80000)
 ParOldGen       total 175104K, used 79K [0x00000006c1000000, 0x00000006cbb00000, 0x000000076b000000)
  object space 175104K, 0% used [0x00000006c1000000,0x00000006c1013c60,0x00000006cbb00000)
 Metaspace       used 17033K, capacity 17384K, committed 17664K, reserved 1064960K
  class space    used 2130K, capacity 2238K, committed 2304K, reserved 1048576K
Event: 143.029 GC heap after
Heap after GC invocations=6 (full 0):
 PSYoungGen      total 68096K, used 5602K [0x000000076b000000, 0x000000076fb80000, 0x00000007c0000000)
  eden space 62464K, 0% used [0x000000076b000000,0x000000076b000000,0x000000076ed00000)
  from space 5632K, 99% used [0x000000076f600000,0x000000076fb78b90,0x000000076fb80000)
  to   space 6656K, 0% used [0x000000076ee80000,0x000000076ee80000,0x000000076f500000)
 ParOldGen       total 175104K, used 394K [0x00000006c1000000, 0x00000006cbb00000, 0x000000076b000000)
  object space 175104K, 0% used [0x00000006c1000000,0x00000006c1062ae0,0x00000006cbb00000)
 Metaspace       used 17033K, capacity 17384K, committed 17664K, reserved 1064960K
  class space    used 2130K, capacity 2238K, committed 2304K, reserved 1048576K
}
Event: 167.319 GC heap before
{Heap before GC invocations=7 (full 0):
 PSYoungGen      total 68096K, used 68066K [0x000000076b000000, 0x000000076fb80000, 0x00000007c0000000)
  eden space 62464K, 100% used [0x000000076b000000,0x000000076ed00000,0x000000076ed00000)
  from space 5632K, 99% used [0x000000076f600000,0x000000076fb78b90,0x000000076fb80000)
  to   space 6656K, 0% used [0x000000076ee80000,0x000000076ee80000,0x000000076f500000)
 ParOldGen       total 175104K, used 394K [0x00000006c1000000, 0x00000006cbb00000, 0x000000076b000000)
  object space 175104K, 0% used [0x00000006c1000000,0x00000006c1062ae0,0x00000006cbb00000)
 Metaspace       used 17072K, capacity 17384K, committed 17664K, reserved 1064960K
  class space    used 2130K, capacity 2238K, committed 2304K, reserved 1048576K
Event: 167.325 GC heap after
Heap after GC invocations=7 (full 0):
 PSYoungGen      total 61952K, used 448K [0x000000076b000000, 0x000000076fb00000, 0x00000007c0000000)
  eden space 61440K, 0% used [0x000000076b000000,0x000000076b000000,0x000000076ec00000)
  from space 512K, 87% used [0x000000076ee80000,0x000000076eef0000,0x000000076ef00000)
  to   space 7680K, 0% used [0x000000076f380000,0x000000076f380000,0x000000076fb00000)
 ParOldGen       total 175104K, used 5628K [0x00000006c1000000, 0x00000006cbb00000, 0x000000076b000000)
  object space 175104K, 3% used [0x00000006c1000000,0x00000006c157f3a8,0x00000006cbb00000)
 Metaspace       used 17072K, capacity 17384K, committed 17664K, reserved 1064960K
  class space    used 2130K, capacity 2238K, committed 2304K, reserved 1048576K
}

