# JRE version: Java(TM) SE Runtime Environment (8.0_131-b11) (build 1.8.0_131-b11)
# Java VM: Java HotSpot(TM) 64-Bit Server VM (25.131-b11 mixed mode windows-amd64 compressed oops)
Heap:
 PSYoungGen      total 76288K, used 62511K [0x000000076b000000, 0x0000000774500000, 0x00000007c0000000)
  eden space 65536K, 86% used [0x000000076b000000,0x000000076e74b0e8,0x000000076f000000)
  from space 10752K, 54% used [0x000000076fa80000,0x0000000770040b90,0x0000000770500000)
  to   space 10752K, 0% used [0x000000076f000000,0x000000076f000000,0x000000076fa80000)
 ParOldGen       total 175104K, used 75K [0x00000006c1000000, 0x00000006cbb00000, 0x000000076b000000)
  object space 175104K, 0% used [0x00000006c1000000,0x00000006c1012c50,0x00000006cbb00000)
 Metaspace       used 16851K, capacity 17180K, committed 17408K, reserved 1064960K
  class space    used 2123K, capacity 2236K, committed 2304K, reserved 1048576K
GC Heap History (8 events):
Event: 8.976 GC heap before
{Heap before GC invocations=1 (full 0):
 PSYoungGen      total 76288K, used 65536K [0x000000076b000000, 0x0000000770500000, 0x00000007c0000000)
  eden space 65536K, 100% used [0x000000076b000000,0x000000076f000000,0x000000076f000000)
  from space 10752K, 0% used [0x000000076fa80000,0x000000076fa80000,0x0000000770500000)
  to   space 10752K, 0% used [0x000000076f000000,0x000000076f000000,0x000000076fa80000)
 ParOldGen       total 175104K, used 0K [0x00000006c1000000, 0x00000006cbb00000, 0x000000076b000000)
  object space 175104K, 0% used [0x00000006c1000000,0x00000006c1000000,0x00000006cbb00000)
 Metaspace       used 14178K, capacity 14448K, committed 14720K, reserved 1062912K
  class space    used 1762K, capacity 1846K, committed 1920K, reserved 1048576K
Event: 8.984 GC heap after
Heap after GC invocations=1 (full 0):
 PSYoungGen      total 76288K, used 5389K [0x000000076b000000, 0x0000000770500000, 0x00000007c0000000)
  eden space 65536K, 0% used [0x000000076b000000,0x000000076b000000,0x000000076f000000)
  from space 10752K, 50% used [0x000000076f000000,0x000000076f5437f8,0x000000076fa80000)
  to   space 10752K, 0% used [0x000000076fa80000,0x000000076fa80000,0x0000000770500000)
 ParOldGen       total 175104K, used 43K [0x00000006c1000000, 0x00000006cbb00000, 0x000000076b000000)
  object space 175104K, 0% used [0x00000006c1000000,0x00000006c100ac50,0x00000006cbb00000)
 Metaspace       used 14178K, capacity 14448K, committed 14720K, reserved 1062912K
  class space    used 1762K, capacity 1846K, committed 1920K, reserved 1048576K
}
Event: 41.951 GC heap before
{Heap before GC invocations=2 (full 0):
 PSYoungGen      total 76288K, used 70925K [0x000000076b000000, 0x0000000770500000, 0x00000007c0000000)
  eden space 65536K, 100% used [0x000000076b000000,0x000000076f000000,0x000000076f000000)
  from space 10752K, 50% used [0x000000076f000000,0x000000076f5437f8,0x000000076fa80000)
  to   space 10752K, 0% used [0x000000076fa80000,0x000000076fa80000,0x0000000770500000)
 ParOldGen       total 175104K, used 43K [0x00000006c1000000, 0x00000006cbb00000, 0x000000076b000000)
  object space 175104K, 0% used [0x00000006c1000000,0x00000006c100ac50,0x00000006cbb00000)
 Metaspace       used 16517K, capacity 16816K, committed 17152K, reserved 1064960K
  class space    used 2100K, capacity 2202K, committed 2304K, reserved 1048576K
Event: 41.957 GC heap after
Heap after GC invocations=2 (full 0):
 PSYoungGen      total 76288K, used 6316K [0x000000076b000000, 0x0000000770500000, 0x00000007c0000000)
  eden space 65536K, 0% used [0x000000076b000000,0x000000076b000000,0x000000076f000000)
  from space 10752K, 58% used [0x000000076fa80000,0x00000007700ab310,0x0000000770500000)
  to   space 10752K, 0% used [0x000000076f000000,0x000000076f000000,0x000000076fa80000)
 ParOldGen       total 175104K, used 59K [0x00000006c1000000, 0x00000006cbb00000, 0x000000076b000000)
  object space 175104K, 0% used [0x00000006c1000000,0x00000006c100ec50,0x00000006cbb00000)
 Metaspace       used 16517K, capacity 16816K, committed 17152K, reserved 1064960K
  class space    used 2100K, capacity 2202K, committed 2304K, reserved 1048576K
}
Event: 45.374 GC heap before
{Heap before GC invocations=3 (full 0):
 PSYoungGen      total 76288K, used 71852K [0x000000076b000000, 0x0000000770500000, 0x00000007c0000000)
  eden space 65536K, 100% used [0x000000076b000000,0x000000076f000000,0x000000076f000000)
  from space 10752K, 58% used [0x000000076fa80000,0x00000007700ab310,0x0000000770500000)
  to   space 10752K, 0% used [0x000000076f000000,0x000000076f000000,0x000000076fa80000)
 ParOldGen       total 175104K, used 59K [0x00000006c1000000, 0x00000006cbb00000, 0x000000076b000000)
  object space 175104K, 0% used [0x00000006c1000000,0x00000006c100ec50,0x00000006cbb00000)
 Metaspace       used 16701K, capacity 16944K, committed 17408K, reserved 1064960K
  class space    used 2117K, capacity 2202K, committed 2304K, reserved 1048576K
Event: 45.379 GC heap after
Heap after GC invocations=3 (full 0):
 PSYoungGen      total 76288K, used 5880K [0x000000076b000000, 0x0000000770500000, 0x00000007c0000000)
  eden space 65536K, 0% used [0x000000076b000000,0x000000076b000000,0x000000076f000000)
  from space 10752K, 54% used [0x000000076f000000,0x000000076f5be238,0x000000076fa80000)
  to   space 10752K, 0% used [0x000000076fa80000,0x000000076fa80000,0x0000000770500000)
 ParOldGen       total 175104K, used 67K [0x00000006c1000000, 0x00000006cbb00000, 0x000000076b000000)
  object space 175104K, 0% used [0x00000006c1000000,0x00000006c1010c50,0x00000006cbb00000)
 Metaspace       used 16701K, capacity 16944K, committed 17408K, reserved 1064960K
  class space    used 2117K, capacity 2202K, committed 2304K, reserved 1048576K
}
Event: 45.423 GC heap before
{Heap before GC invocations=4 (full 0):
 PSYoungGen      total 76288K, used 71416K [0x000000076b000000, 0x0000000770500000, 0x00000007c0000000)
  eden space 65536K, 100% used [0x000000076b000000,0x000000076f000000,0x000000076f000000)
  from space 10752K, 54% used [0x000000076f000000,0x000000076f5be238,0x000000076fa80000)
  to   space 10752K, 0% used [0x000000076fa80000,0x000000076fa80000,0x0000000770500000)
 ParOldGen       total 175104K, used 67K [0x00000006c1000000, 0x00000006cbb00000, 0x000000076b000000)
  object space 175104K, 0% used [0x00000006c1000000,0x00000006c1010c50,0x00000006cbb00000)
 Metaspace       used 16751K, capacity 17046K, committed 17408K, reserved 1064960K
  class space    used 2122K, capacity 2235K, committed 2304K, reserved 1048576K
Event: 45.428 GC heap after
Heap after GC invocations=4 (full 0):
 PSYoungGen      total 76288K, used 5890K [0x000000076b000000, 0x0000000774500000, 0x00000007c0000000)
  eden space 65536K, 0% used [0x000000076b000000,0x000000076b000000,0x000000076f000000)
  from space 10752K, 54% used [0x000000076fa80000,0x0000000770040b90,0x0000000770500000)
  to   space 10752K, 0% used [0x000000076f000000,0x000000076f000000,0x000000076fa80000)
 ParOldGen       total 175104K, used 75K [0x00000006c1000000, 0x00000006cbb00000, 0x000000076b000000)
  object space 175104K, 0% used [0x00000006c1000000,0x00000006c1012c50,0x00000006cbb00000)
 Metaspace       used 16751K, capacity 17046K, committed 17408K, reserved 1064960K
  class space    used 2122K, capacity 2235K, committed 2304K, reserved 1048576K
}

